2026-07-14T17:52:13.034Z	sold out	Ventnor Arts Club	2026-07-18	19:00	How I Went to Every Supermarket in the World
2026-07-14T17:52:13.034Z	sold out	Ventnor Arts Club	2026-07-26	21:30	Mark Rolfe - Music from the Island
2026-07-14T17:52:13.034Z	add	Club Lunar	2026-07-17	12:00	Club Lunar (Full Festival Wristband)
2026-07-14T18:02:57.567Z	cancelled	Bijou	2026-07-18	18:15	Lawrence Dodd: This Can't Be It
2026-07-14T18:02:57.567Z	cancelled	Ventnor Arts Club	2026-07-19	21:30	Around the World in Eighty Minutes
2026-07-14T18:02:57.567Z	cancelled	Ingrams Yard	2026-07-25	19:00	Lou Wall: Where Are All The Tall Grandmas (Work in Progress)
2026-07-14T18:02:57.567Z	cancelled	St. Catherine's Church	2026-07-25	19:30	Between the Lines: A Piano Recital by Francis Griffiths
2026-07-14T18:02:57.567Z	cancelled	Ingrams Yard	2026-07-24	17:00	Lara Ricote: Inkling (Work in Progress)
2026-07-14T18:02:57.567Z	cancelled	Ventnor Botanic Garden	2026-07-21	18:00	Circus Trail
2026-07-16T17:55:02.321Z	reinstated	Ventnor Arts Club	2026-07-18	19:00	How I Went to Every Supermarket in the World
2026-07-16T17:55:02.321Z	sold out	Bosco Theatre	2026-07-18	21:30	Pick of the Fringe
2026-07-16T17:55:02.321Z	add	The Workshop Tent	2026-07-24	10:45	Fringe Frequencies: A Ventnor Sound Journey
2026-07-21T10:59:03.215Z	sold out	The Workshop Tent	2026-07-21	13:00	Botanical Monotype Printmaking Workshop
2026-07-21T10:59:03.215Z	sold out	Ventnor Exchange	2026-07-21	14:00	A Walk Through The Solar System
2026-07-21T10:59:03.215Z	sold out	The Garage	2026-07-21	15:00	RONNIE FONTAINE: CLOSE-UP AND CRIMINAL
2026-07-21T10:59:03.215Z	sold out	The Garage	2026-07-21	21:00	RONNIE FONTAINE: CLOSE-UP AND CRIMINAL
2026-07-21T10:59:03.215Z	sold out		2026-07-22	12:30	Artist Brunch hosted by Creative Network
2026-07-21T10:59:03.215Z	sold out	The Workshop Tent	2026-07-22	13:00	Botanical Monotype Printmaking Workshop
2026-07-21T10:59:03.215Z	sold out	The Garage	2026-07-22	15:00	RONNIE FONTAINE: CLOSE-UP AND CRIMINAL
2026-07-21T10:59:03.215Z	sold out	The Garage	2026-07-22	16:00	RONNIE FONTAINE: CLOSE-UP AND CRIMINAL
2026-07-21T10:59:03.215Z	sold out	St. Catherine's Church	2026-07-23	19:30	The Man in the Moon
2026-07-21T10:59:03.215Z	sold out	The Workshop Tent	2026-07-24	10:45	Fringe Frequencies: A Ventnor Sound Journey
2026-07-21T10:59:03.215Z	sold out	Bosco Theatre	2026-07-24	21:30	Pick of the Fringe
2026-07-21T10:59:03.215Z	sold out	Ingrams Yard	2026-07-25	17:00	Garrett Millerick: We Tried it Your Way
2026-07-21T10:59:03.215Z	sold out	Bijou	2026-07-25	18:15	The Fabled Isle
2026-07-21T10:59:03.215Z	add		2026-07-22	23:00	Secret Show
2026-07-21T10:59:03.215Z	add		2026-07-25	21:00	Secret Show: Fireside
